\BOOKMARK [0][-]{section*.1}{Kandungan}{}
\BOOKMARK [0][-]{section*.2}{Senarai Rajah}{}
\BOOKMARK [0][-]{chapter*.3}{Kata Pengantar}{}
\BOOKMARK [0][-]{chapter*.4}{redPENAFIAN}{}
\BOOKMARK [0][-]{chapter.1}{Pengenalan}{}
\BOOKMARK [1][-]{section.1.1}{Pengenalan}{chapter.1}
\BOOKMARK [1][-]{section.1.2}{Sampel yang dihasilkan menggunakan LaTeX}{chapter.1}
\BOOKMARK [1][-]{section.1.3}{Font yang disokong oleh LaTeX}{chapter.1}
\BOOKMARK [1][-]{section.1.4}{Kenapa guna LaTeX?}{chapter.1}
\BOOKMARK [1][-]{section.1.5}{Mendapatkan pakej LaTeX}{chapter.1}
\BOOKMARK [0][-]{chapter.2}{Jom Belajar LaTeX!}{}
\BOOKMARK [1][-]{section.2.1}{Belajar LaTeX susahlah!}{chapter.2}
\BOOKMARK [1][-]{section.2.2}{Mengenali format LaTeX}{chapter.2}
\BOOKMARK [1][-]{section.2.3}{Bentuk penulisan}{chapter.2}
\BOOKMARK [1][-]{section.2.4}{Bagaimana LaTeX menghasilkan dokumen?}{chapter.2}
\BOOKMARK [1][-]{section.2.5}{Pakej di dalam LaTeX}{chapter.2}
\BOOKMARK [0][-]{chapter.3}{Format Tulisan}{}
\BOOKMARK [1][-]{section.3.1}{Pelbagai jenis format tulisan}{chapter.3}
\BOOKMARK [0][-]{chapter.4}{Membuat senarai}{}
\BOOKMARK [1][-]{section.4.1}{Bina senarai menggunakan LaTeX}{chapter.4}
\BOOKMARK [0][-]{chapter.5}{Penulisan artikel}{}
\BOOKMARK [1][-]{section.5.1}{Artikel komputer}{chapter.5}
\BOOKMARK [1][-]{section.5.2}{Artikel dengan formula matematik}{chapter.5}
\BOOKMARK [0][-]{chapter.6}{Slaid persembahan}{}
\BOOKMARK [1][-]{section.6.1}{Membuat slaid persembahan dengan LaTeX beamer}{chapter.6}
\BOOKMARK [0][-]{section*.6}{Rujukan}{}
\BOOKMARK [1][-]{section*.7}{Index}{section*.6}
\BOOKMARK [0][-]{section*.8}{Indeks}{}
